<?xml version="1.0" encoding="UTF-8"?>
<!-- Generated by org.testng.reporters.JUnitXMLReporter -->
<testsuite hostname="LAPTOP-RU5AGNDD" name="Test" tests="3" failures="0" timestamp="29 Apr 2020 18:43:12 GMT" time="47.972" errors="0">
  <testcase name="basepageNavigation" time="0.401" classname="test.validateTitle"/>
  <testcase name="basepageNavigation" time="17.436" classname="test.HomePage"/>
  <testcase name="basepageNavigation" time="13.047" classname="test.HomePage"/>
</testsuite> <!-- Test -->
