<?xml version="1.0" encoding="UTF-8"?>
<!-- Generated by org.testng.reporters.JUnitXMLReporter -->
<testsuite hostname="LAPTOP-RU5AGNDD" failures="0" tests="3" name="Test" time="58.222" errors="0" timestamp="29 Apr 2020 18:45:04 GMT">
  <testcase classname="test.validateTitle" name="basepageNavigation" time="0.159"/>
  <testcase classname="test.HomePage" name="basepageNavigation" time="16.09"/>
  <testcase classname="test.HomePage" name="basepageNavigation" time="20.72"/>
</testsuite> <!-- Test -->
