<?xml version="1.0" encoding="UTF-8"?>
<testsuite xmlns:xsi="http://www.w3.org/2001/XMLSchema-instance" xsi:noNamespaceSchemaLocation="https://maven.apache.org/surefire/maven-surefire-plugin/xsd/surefire-test-report.xsd" name="TestSuite" time="60.305" tests="3" errors="0" skipped="0" failures="0">
  <properties>
[...]
</properties>
  <testcase name="basepageNavigation" classname="test.validateTitle" time="0.001"/>
  <testcase name="basepageNavigation" classname="test.HomePage" time="16.051"/>
  <testcase name="basepageNavigation" classname="test.HomePage" time="20.676"/>
</testsuite>